Started GET "/" for ::1 at 2023-07-04 16:11:08 +0530
Processing by Rails::WelcomeController#index as HTML
  Rendering C:/Ruby27-x64/lib/ruby/gems/2.7.0/gems/railties-7.0.6/lib/rails/templates/rails/welcome/index.html.erb
  Rendered C:/Ruby27-x64/lib/ruby/gems/2.7.0/gems/railties-7.0.6/lib/rails/templates/rails/welcome/index.html.erb (Duration: 14.5ms | Allocations: 799)
Completed 200 OK in 473ms (Views: 52.4ms | ActiveRecord: 0.0ms | Allocations: 15416)


  [1m[35m (118.9ms)[0m  [1m[35mCREATE TABLE "schema_migrations" ("version" varchar NOT NULL PRIMARY KEY)[0m
  [1m[35m (65.4ms)[0m  [1m[35mCREATE TABLE "ar_internal_metadata" ("key" varchar NOT NULL PRIMARY KEY, "value" varchar, "created_at" datetime(6) NOT NULL, "updated_at" datetime(6) NOT NULL)[0m
  [1m[36mActiveRecord::SchemaMigration Pluck (0.3ms)[0m  [1m[34mSELECT "schema_migrations"."version" FROM "schema_migrations" ORDER BY "schema_migrations"."version" ASC[0m
Migrating to CreateTodoLists (20230704104353)
  [1m[36mTRANSACTION (0.1ms)[0m  [1m[36mbegin transaction[0m
  [1m[35m (1.1ms)[0m  [1m[35mCREATE TABLE "todo_lists" ("id" integer PRIMARY KEY AUTOINCREMENT NOT NULL, "title" varchar, "description" text, "created_at" datetime(6) NOT NULL, "updated_at" datetime(6) NOT NULL)[0m
  [1m[36mActiveRecord::SchemaMigration Create (0.2ms)[0m  [1m[32mINSERT INTO "schema_migrations" ("version") VALUES (?)[0m  [["version", "20230704104353"]]
  [1m[36mTRANSACTION (65.1ms)[0m  [1m[36mcommit transaction[0m
  [1m[36mActiveRecord::InternalMetadata Load (0.3ms)[0m  [1m[34mSELECT "ar_internal_metadata".* FROM "ar_internal_metadata" WHERE "ar_internal_metadata"."key" = ? LIMIT ?[0m  [["key", "environment"], ["LIMIT", 1]]
  [1m[36mTRANSACTION (0.1ms)[0m  [1m[36mbegin transaction[0m
  [1m[36mActiveRecord::InternalMetadata Create (1.4ms)[0m  [1m[32mINSERT INTO "ar_internal_metadata" ("key", "value", "created_at", "updated_at") VALUES (?, ?, ?, ?)[0m  [["key", "environment"], ["value", "development"], ["created_at", "2023-07-04 10:44:40.531096"], ["updated_at", "2023-07-04 10:44:40.531096"]]
  [1m[36mTRANSACTION (73.2ms)[0m  [1m[36mcommit transaction[0m
  [1m[36mActiveRecord::SchemaMigration Pluck (0.1ms)[0m  [1m[34mSELECT "schema_migrations"."version" FROM "schema_migrations" ORDER BY "schema_migrations"."version" ASC[0m
Started GET "/todo_lists" for ::1 at 2023-07-04 16:15:07 +0530
  [1m[36mActiveRecord::SchemaMigration Pluck (0.4ms)[0m  [1m[34mSELECT "schema_migrations"."version" FROM "schema_migrations" ORDER BY "schema_migrations"."version" ASC[0m
Processing by TodoListsController#index as HTML
  Rendering layout layouts/application.html.erb
  Rendering todo_lists/index.html.erb within layouts/application
  [1m[36mTodoList Load (0.2ms)[0m  [1m[34mSELECT "todo_lists".* FROM "todo_lists"[0m
  ↳ app/views/todo_lists/index.html.erb:6
  Rendered todo_lists/index.html.erb within layouts/application (Duration: 12.7ms | Allocations: 950)
  Rendered layout layouts/application.html.erb (Duration: 1282.3ms | Allocations: 106386)
Completed 200 OK in 1328ms (Views: 1298.5ms | ActiveRecord: 0.2ms | Allocations: 107910)


Started GET "/todo_lists/new" for ::1 at 2023-07-04 16:15:14 +0530
Processing by TodoListsController#new as HTML
  Rendering layout layouts/application.html.erb
  Rendering todo_lists/new.html.erb within layouts/application
  Rendered todo_lists/_form.html.erb (Duration: 57.7ms | Allocations: 2852)
  Rendered todo_lists/new.html.erb within layouts/application (Duration: 62.7ms | Allocations: 3165)
  Rendered layout layouts/application.html.erb (Duration: 86.5ms | Allocations: 5904)
Completed 200 OK in 146ms (Views: 89.4ms | ActiveRecord: 1.9ms | Allocations: 21606)


Started GET "/" for ::1 at 2023-07-04 16:24:05 +0530
Processing by TodoListsController#index as HTML
  Rendering layout layouts/application.html.erb
  Rendering todo_lists/index.html.erb within layouts/application
  [1m[36mTodoList Load (0.3ms)[0m  [1m[34mSELECT "todo_lists".* FROM "todo_lists"[0m
  ↳ app/views/todo_lists/index.html.erb:6
  Rendered todo_lists/index.html.erb within layouts/application (Duration: 5.5ms | Allocations: 835)
  Rendered layout layouts/application.html.erb (Duration: 103.3ms | Allocations: 17234)
Completed 200 OK in 116ms (Views: 106.3ms | ActiveRecord: 0.7ms | Allocations: 18300)


Started GET "/todo_lists/new" for ::1 at 2023-07-04 16:24:10 +0530
Processing by TodoListsController#new as HTML
  Rendering layout layouts/application.html.erb
  Rendering todo_lists/new.html.erb within layouts/application
  Rendered todo_lists/_form.html.erb (Duration: 8.4ms | Allocations: 1015)
  Rendered todo_lists/new.html.erb within layouts/application (Duration: 9.9ms | Allocations: 1095)
  Rendered layout layouts/application.html.erb (Duration: 26.4ms | Allocations: 3827)
Completed 200 OK in 38ms (Views: 28.2ms | ActiveRecord: 0.0ms | Allocations: 5120)


